@!@!@STARTMSG 2262:0 @!@!@
TLC2 Version 2.16 of 31 December 2020 (rev: cdddf55)
@!@!@ENDMSG 2262 @!@!@
@!@!@STARTMSG 2187:0 @!@!@
Running breadth-first search Model-Checking with fp 46 and seed -2148940561668608111 with 6 workers on 12 cores with 1157MB heap and 2603MB offheap memory [pid: 3174553] (Linux 4.18.0-425.3.1.el8.x86_64 amd64, AdoptOpenJDK 14.0.1 x86_64, OffHeapDiskFPSet, DiskStateQueue).
@!@!@ENDMSG 2187 @!@!@
@!@!@STARTMSG 2220:0 @!@!@
Starting SANY...
@!@!@ENDMSG 2220 @!@!@
Parsing file /eecs/home/jorra04/EECS 4315/bridge_controller_m0.toolbox/Model_1_d_2_bound_2/MC.tla
Parsing file /eecs/home/jorra04/EECS 4315/bridge_controller_m0.toolbox/Model_1_d_2_bound_2/bridge_controller_m0.tla
Parsing file /eecs/local/pkg/tlatoolbox-1.7.1/plugins/org.lamport.tlatools_1.0.0.202012311918/tla2sany/StandardModules/TLC.tla
Parsing file /eecs/local/pkg/tlatoolbox-1.7.1/plugins/org.lamport.tlatools_1.0.0.202012311918/tla2sany/StandardModules/Integers.tla
Parsing file /eecs/local/pkg/tlatoolbox-1.7.1/plugins/org.lamport.tlatools_1.0.0.202012311918/tla2sany/StandardModules/Naturals.tla
Parsing file /eecs/local/pkg/tlatoolbox-1.7.1/plugins/org.lamport.tlatools_1.0.0.202012311918/tla2sany/StandardModules/Sequences.tla
Parsing file /eecs/local/pkg/tlatoolbox-1.7.1/plugins/org.lamport.tlatools_1.0.0.202012311918/tla2sany/StandardModules/FiniteSets.tla
Semantic processing of module Naturals
Semantic processing of module Integers
Semantic processing of module Sequences
Semantic processing of module FiniteSets
Semantic processing of module TLC
Semantic processing of module bridge_controller_m0
Semantic processing of module MC
@!@!@STARTMSG 2219:0 @!@!@
SANY finished.
@!@!@ENDMSG 2219 @!@!@
@!@!@STARTMSG 2185:0 @!@!@
Starting... (2023-02-05 18:17:42)
@!@!@ENDMSG 2185 @!@!@
@!@!@STARTMSG 2189:0 @!@!@
Computing initial states...
@!@!@ENDMSG 2189 @!@!@
@!@!@STARTMSG 2190:0 @!@!@
Finished computing initial states: 1 distinct state generated at 2023-02-05 18:17:43.
@!@!@ENDMSG 2190 @!@!@
@!@!@STARTMSG 2193:0 @!@!@
Model checking completed. No error has been found.
  Estimates of the probability that TLC did not check all reachable states
  because two distinct states had the same fingerprint:
  calculated (optimistic):  val = 6.7E-18
@!@!@ENDMSG 2193 @!@!@
@!@!@STARTMSG 2201:0 @!@!@
The coverage statistics at 2023-02-05 18:17:43
@!@!@ENDMSG 2201 @!@!@
@!@!@STARTMSG 2773:0 @!@!@
<Init line 64, col 1 to line 64, col 4 of module bridge_controller_m0>: 1:1
@!@!@ENDMSG 2773 @!@!@
@!@!@STARTMSG 2221:0 @!@!@
  line 65, col 9 to line 68, col 22 of module bridge_controller_m0: 1
@!@!@ENDMSG 2221 @!@!@
@!@!@STARTMSG 2772:0 @!@!@
<ML_out_action line 70, col 1 to line 70, col 13 of module bridge_controller_m0>: 3:3
@!@!@ENDMSG 2772 @!@!@
@!@!@STARTMSG 2221:0 @!@!@
  line 70, col 21 to line 70, col 40 of module bridge_controller_m0: 34
@!@!@ENDMSG 2221 @!@!@
@!@!@STARTMSG 2221:0 @!@!@
  |line 70, col 21 to line 70, col 22 of module bridge_controller_m0: 31
@!@!@ENDMSG 2221 @!@!@
@!@!@STARTMSG 2221:0 @!@!@
  line 71, col 21 to line 71, col 30 of module bridge_controller_m0: 3
@!@!@ENDMSG 2221 @!@!@
@!@!@STARTMSG 2221:0 @!@!@
  line 72, col 21 to line 72, col 40 of module bridge_controller_m0: 3
@!@!@ENDMSG 2221 @!@!@
@!@!@STARTMSG 2221:0 @!@!@
  line 73, col 21 to line 73, col 40 of module bridge_controller_m0: 3
@!@!@ENDMSG 2221 @!@!@
@!@!@STARTMSG 2221:0 @!@!@
  line 74, col 21 to line 74, col 26 of module bridge_controller_m0: 3
@!@!@ENDMSG 2221 @!@!@
@!@!@STARTMSG 2772:0 @!@!@
<ML_in_action line 78, col 1 to line 78, col 12 of module bridge_controller_m0>: 0:1
@!@!@ENDMSG 2772 @!@!@
@!@!@STARTMSG 2221:0 @!@!@
  line 78, col 20 to line 78, col 38 of module bridge_controller_m0: 32
@!@!@ENDMSG 2221 @!@!@
@!@!@STARTMSG 2221:0 @!@!@
  |line 78, col 20 to line 78, col 21 of module bridge_controller_m0: 31
@!@!@ENDMSG 2221 @!@!@
@!@!@STARTMSG 2221:0 @!@!@
  line 79, col 20 to line 79, col 29 of module bridge_controller_m0: 1
@!@!@ENDMSG 2221 @!@!@
@!@!@STARTMSG 2221:0 @!@!@
  line 80, col 20 to line 80, col 39 of module bridge_controller_m0: 1
@!@!@ENDMSG 2221 @!@!@
@!@!@STARTMSG 2221:0 @!@!@
  line 81, col 20 to line 81, col 39 of module bridge_controller_m0: 1
@!@!@ENDMSG 2221 @!@!@
@!@!@STARTMSG 2221:0 @!@!@
  line 82, col 20 to line 82, col 25 of module bridge_controller_m0: 1
@!@!@ENDMSG 2221 @!@!@
@!@!@STARTMSG 2772:0 @!@!@
<loop line 86, col 1 to line 86, col 4 of module bridge_controller_m0>: 6:6
@!@!@ENDMSG 2772 @!@!@
@!@!@STARTMSG 2221:0 @!@!@
  line 86, col 12 to line 86, col 22 of module bridge_controller_m0: 37
@!@!@ENDMSG 2221 @!@!@
@!@!@STARTMSG 2221:0 @!@!@
  |line 86, col 12 to line 86, col 13 of module bridge_controller_m0: 31
@!@!@ENDMSG 2221 @!@!@
@!@!@STARTMSG 2221:0 @!@!@
  line 87, col 15 to line 87, col 23 of module bridge_controller_m0: 6
@!@!@ENDMSG 2221 @!@!@
@!@!@STARTMSG 2221:0 @!@!@
  line 88, col 20 to line 88, col 36 of module bridge_controller_m0: 3
@!@!@ENDMSG 2221 @!@!@
@!@!@STARTMSG 2221:0 @!@!@
  line 89, col 20 to line 89, col 34 of module bridge_controller_m0: 3
@!@!@ENDMSG 2221 @!@!@
@!@!@STARTMSG 2221:0 @!@!@
  line 90, col 12 to line 90, col 38 of module bridge_controller_m0: 6
@!@!@ENDMSG 2221 @!@!@
@!@!@STARTMSG 2772:0 @!@!@
<choice line 92, col 1 to line 92, col 6 of module bridge_controller_m0>: 6:6
@!@!@ENDMSG 2772 @!@!@
@!@!@STARTMSG 2221:0 @!@!@
  line 92, col 14 to line 92, col 26 of module bridge_controller_m0: 34
@!@!@ENDMSG 2221 @!@!@
@!@!@STARTMSG 2221:0 @!@!@
  |line 92, col 14 to line 92, col 15 of module bridge_controller_m0: 31
@!@!@ENDMSG 2221 @!@!@
@!@!@STARTMSG 2221:0 @!@!@
  line 93, col 14 to line 94, col 38 of module bridge_controller_m0: 3
@!@!@ENDMSG 2221 @!@!@
@!@!@STARTMSG 2221:0 @!@!@
  line 95, col 14 to line 95, col 40 of module bridge_controller_m0: 6
@!@!@ENDMSG 2221 @!@!@
@!@!@STARTMSG 2772:0 @!@!@
<ML_out_guard line 97, col 1 to line 97, col 12 of module bridge_controller_m0>: 3:3
@!@!@ENDMSG 2772 @!@!@
@!@!@STARTMSG 2221:0 @!@!@
  line 97, col 20 to line 97, col 38 of module bridge_controller_m0: 34
@!@!@ENDMSG 2221 @!@!@
@!@!@STARTMSG 2221:0 @!@!@
  |line 97, col 20 to line 97, col 21 of module bridge_controller_m0: 31
@!@!@ENDMSG 2221 @!@!@
@!@!@STARTMSG 2221:0 @!@!@
  line 98, col 23 to line 98, col 26 of module bridge_controller_m0: 3
@!@!@ENDMSG 2221 @!@!@
@!@!@STARTMSG 2221:0 @!@!@
  line 99, col 28 to line 99, col 51 of module bridge_controller_m0: 3
@!@!@ENDMSG 2221 @!@!@
@!@!@STARTMSG 2221:0 @!@!@
  line 100, col 31 to line 100, col 46 of module bridge_controller_m0: 0
@!@!@ENDMSG 2221 @!@!@
@!@!@STARTMSG 2221:0 @!@!@
  line 101, col 20 to line 101, col 46 of module bridge_controller_m0: 3
@!@!@ENDMSG 2221 @!@!@
@!@!@STARTMSG 2772:0 @!@!@
<ML_out_occurs line 103, col 1 to line 103, col 13 of module bridge_controller_m0>: 3:3
@!@!@ENDMSG 2772 @!@!@
@!@!@STARTMSG 2221:0 @!@!@
  line 103, col 21 to line 103, col 40 of module bridge_controller_m0: 34
@!@!@ENDMSG 2221 @!@!@
@!@!@STARTMSG 2221:0 @!@!@
  |line 103, col 21 to line 103, col 22 of module bridge_controller_m0: 31
@!@!@ENDMSG 2221 @!@!@
@!@!@STARTMSG 2221:0 @!@!@
  line 104, col 21 to line 106, col 38 of module bridge_controller_m0: 3
@!@!@ENDMSG 2221 @!@!@
@!@!@STARTMSG 2221:0 @!@!@
  line 107, col 21 to line 107, col 41 of module bridge_controller_m0: 3
@!@!@ENDMSG 2221 @!@!@
@!@!@STARTMSG 2221:0 @!@!@
  line 108, col 21 to line 108, col 40 of module bridge_controller_m0: 3
@!@!@ENDMSG 2221 @!@!@
@!@!@STARTMSG 2772:0 @!@!@
<ML_in_guard line 110, col 1 to line 110, col 11 of module bridge_controller_m0>: 3:3
@!@!@ENDMSG 2772 @!@!@
@!@!@STARTMSG 2221:0 @!@!@
  line 110, col 19 to line 110, col 36 of module bridge_controller_m0: 34
@!@!@ENDMSG 2221 @!@!@
@!@!@STARTMSG 2221:0 @!@!@
  |line 110, col 19 to line 110, col 20 of module bridge_controller_m0: 31
@!@!@ENDMSG 2221 @!@!@
@!@!@STARTMSG 2221:0 @!@!@
  line 111, col 22 to line 111, col 26 of module bridge_controller_m0: 3
@!@!@ENDMSG 2221 @!@!@
@!@!@STARTMSG 2221:0 @!@!@
  line 112, col 27 to line 112, col 49 of module bridge_controller_m0: 1
@!@!@ENDMSG 2221 @!@!@
@!@!@STARTMSG 2221:0 @!@!@
  line 113, col 27 to line 113, col 45 of module bridge_controller_m0: 2
@!@!@ENDMSG 2221 @!@!@
@!@!@STARTMSG 2221:0 @!@!@
  line 114, col 19 to line 114, col 45 of module bridge_controller_m0: 3
@!@!@ENDMSG 2221 @!@!@
@!@!@STARTMSG 2772:0 @!@!@
<ML_in_occurs line 116, col 1 to line 116, col 12 of module bridge_controller_m0>: 1:1
@!@!@ENDMSG 2772 @!@!@
@!@!@STARTMSG 2221:0 @!@!@
  line 116, col 20 to line 116, col 38 of module bridge_controller_m0: 32
@!@!@ENDMSG 2221 @!@!@
@!@!@STARTMSG 2221:0 @!@!@
  |line 116, col 20 to line 116, col 21 of module bridge_controller_m0: 31
@!@!@ENDMSG 2221 @!@!@
@!@!@STARTMSG 2221:0 @!@!@
  line 117, col 20 to line 119, col 37 of module bridge_controller_m0: 1
@!@!@ENDMSG 2221 @!@!@
@!@!@STARTMSG 2221:0 @!@!@
  line 120, col 20 to line 120, col 39 of module bridge_controller_m0: 1
@!@!@ENDMSG 2221 @!@!@
@!@!@STARTMSG 2221:0 @!@!@
  line 121, col 20 to line 121, col 39 of module bridge_controller_m0: 1
@!@!@ENDMSG 2221 @!@!@
@!@!@STARTMSG 2772:0 @!@!@
<progress line 123, col 1 to line 123, col 8 of module bridge_controller_m0>: 5:5
@!@!@ENDMSG 2772 @!@!@
@!@!@STARTMSG 2221:0 @!@!@
  line 123, col 16 to line 123, col 30 of module bridge_controller_m0: 36
@!@!@ENDMSG 2221 @!@!@
@!@!@STARTMSG 2221:0 @!@!@
  |line 123, col 16 to line 123, col 17 of module bridge_controller_m0: 31
@!@!@ENDMSG 2221 @!@!@
@!@!@STARTMSG 2221:0 @!@!@
  line 124, col 16 to line 124, col 25 of module bridge_controller_m0: 5
@!@!@ENDMSG 2221 @!@!@
@!@!@STARTMSG 2221:0 @!@!@
  line 125, col 16 to line 125, col 27 of module bridge_controller_m0: 5
@!@!@ENDMSG 2221 @!@!@
@!@!@STARTMSG 2221:0 @!@!@
  line 126, col 16 to line 126, col 39 of module bridge_controller_m0: 5
@!@!@ENDMSG 2221 @!@!@
@!@!@STARTMSG 2772:0 @!@!@
<Terminating line 129, col 1 to line 129, col 11 of module bridge_controller_m0>: 0:3
@!@!@ENDMSG 2772 @!@!@
@!@!@STARTMSG 2221:0 @!@!@
  line 129, col 16 to line 129, col 26 of module bridge_controller_m0: 34
@!@!@ENDMSG 2221 @!@!@
@!@!@STARTMSG 2221:0 @!@!@
  |line 129, col 16 to line 129, col 17 of module bridge_controller_m0: 31
@!@!@ENDMSG 2221 @!@!@
@!@!@STARTMSG 2221:0 @!@!@
  line 129, col 31 to line 129, col 44 of module bridge_controller_m0: 3
@!@!@ENDMSG 2221 @!@!@
@!@!@STARTMSG 2774:0 @!@!@
<inv0_1 line 141, col 1 to line 141, col 6 of module bridge_controller_m0>
@!@!@ENDMSG 2774 @!@!@
@!@!@STARTMSG 2221:0 @!@!@
  line 141, col 11 to line 141, col 19 of module bridge_controller_m0: 31
@!@!@ENDMSG 2221 @!@!@
@!@!@STARTMSG 2774:0 @!@!@
<inv0_2 line 142, col 1 to line 142, col 6 of module bridge_controller_m0>
@!@!@ENDMSG 2774 @!@!@
@!@!@STARTMSG 2221:0 @!@!@
  line 142, col 11 to line 142, col 16 of module bridge_controller_m0: 31
@!@!@ENDMSG 2221 @!@!@
@!@!@STARTMSG 2202:0 @!@!@
End of statistics.
@!@!@ENDMSG 2202 @!@!@
@!@!@STARTMSG 2200:0 @!@!@
Progress(14) at 2023-02-05 18:17:43: 35 states generated (1,609 s/min), 31 distinct states found (1,425 ds/min), 0 states left on queue.
@!@!@ENDMSG 2200 @!@!@
@!@!@STARTMSG 2199:0 @!@!@
35 states generated, 31 distinct states found, 0 states left on queue.
@!@!@ENDMSG 2199 @!@!@
@!@!@STARTMSG 2194:0 @!@!@
The depth of the complete state graph search is 14.
@!@!@ENDMSG 2194 @!@!@
@!@!@STARTMSG 2268:0 @!@!@
The average outdegree of the complete state graph is 1 (minimum is 0, the maximum 2 and the 95th percentile is 2).
@!@!@ENDMSG 2268 @!@!@
@!@!@STARTMSG 2186:0 @!@!@
Finished in 1326ms at (2023-02-05 18:17:43)
@!@!@ENDMSG 2186 @!@!@
