@!@!@STARTMSG 2262:0 @!@!@
TLC2 Version 2.16 of 31 December 2020 (rev: cdddf55)
@!@!@ENDMSG 2262 @!@!@
@!@!@STARTMSG 2187:0 @!@!@
Running breadth-first search Model-Checking with fp 33 and seed -8092403289134420061 with 6 workers on 12 cores with 2315MB heap and 5206MB offheap memory [pid: 475016] (Linux 4.18.0-425.3.1.el8.x86_64 amd64, AdoptOpenJDK 14.0.1 x86_64, OffHeapDiskFPSet, DiskStateQueue).
@!@!@ENDMSG 2187 @!@!@
@!@!@STARTMSG 2220:0 @!@!@
Starting SANY...
@!@!@ENDMSG 2220 @!@!@
Parsing file /eecs/home/jorra04/EECS 4315/findDuplicateValue.toolbox/Model_1_1/MC.tla
Parsing file /eecs/home/jorra04/EECS 4315/findDuplicateValue.toolbox/Model_1_1/findDuplicateValue.tla
Labels added.
Parsing file /eecs/local/pkg/tlatoolbox-1.7.1/plugins/org.lamport.tlatools_1.0.0.202012311918/tla2sany/StandardModules/TLC.tla
Parsing file /eecs/local/pkg/tlatoolbox-1.7.1/plugins/org.lamport.tlatools_1.0.0.202012311918/tla2sany/StandardModules/Integers.tla
Parsing file /eecs/local/pkg/tlatoolbox-1.7.1/plugins/org.lamport.tlatools_1.0.0.202012311918/tla2sany/StandardModules/Sequences.tla
Parsing file /eecs/local/pkg/tlatoolbox-1.7.1/plugins/org.lamport.tlatools_1.0.0.202012311918/tla2sany/StandardModules/Naturals.tla
Parsing file /eecs/local/pkg/tlatoolbox-1.7.1/plugins/org.lamport.tlatools_1.0.0.202012311918/tla2sany/StandardModules/FiniteSets.tla
Semantic processing of module Naturals
Semantic processing of module Integers
Semantic processing of module Sequences
Semantic processing of module FiniteSets
Semantic processing of module TLC
Semantic processing of module findDuplicateValue
Semantic processing of module MC
@!@!@STARTMSG 2219:0 @!@!@
SANY finished.
@!@!@ENDMSG 2219 @!@!@
@!@!@STARTMSG 2185:0 @!@!@
Starting... (2023-04-02 21:50:33)
@!@!@ENDMSG 2185 @!@!@
@!@!@STARTMSG 2189:0 @!@!@
Computing initial states...
@!@!@ENDMSG 2189 @!@!@
@!@!@STARTMSG 2190:0 @!@!@
Finished computing initial states: 1 distinct state generated at 2023-04-02 21:50:34.
@!@!@ENDMSG 2190 @!@!@
@!@!@STARTMSG 2132:1 @!@!@
The first argument of Assert evaluated to FALSE; the second argument was:
"Failure of assertion at line 23, column 9."
@!@!@ENDMSG 2132 @!@!@
@!@!@STARTMSG 2121:1 @!@!@
The behavior up to this point is:
@!@!@ENDMSG 2121 @!@!@
@!@!@STARTMSG 2217:4 @!@!@
1: <Initial predicate>
/\ i = 1
/\ j = 1
/\ pc = "Lbl_1"
/\ output = -1

@!@!@ENDMSG 2217 @!@!@
@!@!@STARTMSG 2217:4 @!@!@
2: <Lbl_1 line 38, col 10 to line 48, col 37 of module findDuplicateValue>
/\ i = 1
/\ j = 1
/\ pc = "Lbl_2"
/\ output = -1

@!@!@ENDMSG 2217 @!@!@
@!@!@STARTMSG 2217:4 @!@!@
3: <Lbl_2 line 50, col 10 to line 61, col 48 of module findDuplicateValue>
/\ i = 1
/\ j = 2
/\ pc = "Lbl_2"
/\ output = -1

@!@!@ENDMSG 2217 @!@!@
@!@!@STARTMSG 2217:4 @!@!@
4: <Lbl_2 line 50, col 10 to line 61, col 48 of module findDuplicateValue>
/\ i = 1
/\ j = 3
/\ pc = "Lbl_2"
/\ output = -1

@!@!@ENDMSG 2217 @!@!@
@!@!@STARTMSG 2217:4 @!@!@
5: <Lbl_2 line 50, col 10 to line 61, col 48 of module findDuplicateValue>
/\ i = 1
/\ j = 4
/\ pc = "Lbl_2"
/\ output = -1

@!@!@ENDMSG 2217 @!@!@
@!@!@STARTMSG 2217:4 @!@!@
6: <Lbl_2 line 50, col 10 to line 61, col 48 of module findDuplicateValue>
/\ i = 1
/\ j = 5
/\ pc = "Lbl_2"
/\ output = -1

@!@!@ENDMSG 2217 @!@!@
@!@!@STARTMSG 2217:4 @!@!@
7: <Lbl_2 line 50, col 10 to line 61, col 48 of module findDuplicateValue>
/\ i = 1
/\ j = 6
/\ pc = "Lbl_2"
/\ output = -1

@!@!@ENDMSG 2217 @!@!@
@!@!@STARTMSG 2217:4 @!@!@
8: <Lbl_2 line 50, col 10 to line 61, col 48 of module findDuplicateValue>
/\ i = 1
/\ j = 7
/\ pc = "Lbl_2"
/\ output = -1

@!@!@ENDMSG 2217 @!@!@
@!@!@STARTMSG 2217:4 @!@!@
9: <Lbl_2 line 50, col 10 to line 61, col 48 of module findDuplicateValue>
/\ i = 2
/\ j = 7
/\ pc = "Lbl_1"
/\ output = -1

@!@!@ENDMSG 2217 @!@!@
@!@!@STARTMSG 2217:4 @!@!@
10: <Lbl_1 line 38, col 10 to line 48, col 37 of module findDuplicateValue>
/\ i = 2
/\ j = 1
/\ pc = "Lbl_2"
/\ output = -1

@!@!@ENDMSG 2217 @!@!@
@!@!@STARTMSG 2217:4 @!@!@
11: <Lbl_2 line 50, col 10 to line 61, col 48 of module findDuplicateValue>
/\ i = 2
/\ j = 2
/\ pc = "Lbl_2"
/\ output = -1

@!@!@ENDMSG 2217 @!@!@
@!@!@STARTMSG 2217:4 @!@!@
12: <Lbl_2 line 50, col 10 to line 61, col 48 of module findDuplicateValue>
/\ i = 2
/\ j = 3
/\ pc = "Lbl_2"
/\ output = -1

@!@!@ENDMSG 2217 @!@!@
@!@!@STARTMSG 2217:4 @!@!@
13: <Lbl_2 line 50, col 10 to line 61, col 48 of module findDuplicateValue>
/\ i = 2
/\ j = 4
/\ pc = "Lbl_2"
/\ output = -1

@!@!@ENDMSG 2217 @!@!@
@!@!@STARTMSG 2217:4 @!@!@
14: <Lbl_2 line 50, col 10 to line 61, col 48 of module findDuplicateValue>
/\ i = 2
/\ j = 5
/\ pc = "Lbl_2"
/\ output = -1

@!@!@ENDMSG 2217 @!@!@
@!@!@STARTMSG 2217:4 @!@!@
15: <Lbl_2 line 50, col 10 to line 61, col 48 of module findDuplicateValue>
/\ i = 2
/\ j = 6
/\ pc = "Lbl_2"
/\ output = -1

@!@!@ENDMSG 2217 @!@!@
@!@!@STARTMSG 2217:4 @!@!@
16: <Lbl_2 line 50, col 10 to line 61, col 48 of module findDuplicateValue>
/\ i = 2
/\ j = 7
/\ pc = "Lbl_2"
/\ output = 2

@!@!@ENDMSG 2217 @!@!@
@!@!@STARTMSG 2217:4 @!@!@
17: <Lbl_2 line 50, col 10 to line 61, col 48 of module findDuplicateValue>
/\ i = 3
/\ j = 7
/\ pc = "Lbl_1"
/\ output = 2

@!@!@ENDMSG 2217 @!@!@
@!@!@STARTMSG 2217:4 @!@!@
18: <Lbl_1 line 38, col 10 to line 48, col 37 of module findDuplicateValue>
/\ i = 3
/\ j = 1
/\ pc = "Lbl_2"
/\ output = 2

@!@!@ENDMSG 2217 @!@!@
@!@!@STARTMSG 2217:4 @!@!@
19: <Lbl_2 line 50, col 10 to line 61, col 48 of module findDuplicateValue>
/\ i = 3
/\ j = 2
/\ pc = "Lbl_2"
/\ output = 2

@!@!@ENDMSG 2217 @!@!@
@!@!@STARTMSG 2217:4 @!@!@
20: <Lbl_2 line 50, col 10 to line 61, col 48 of module findDuplicateValue>
/\ i = 3
/\ j = 3
/\ pc = "Lbl_2"
/\ output = 2

@!@!@ENDMSG 2217 @!@!@
@!@!@STARTMSG 2217:4 @!@!@
21: <Lbl_2 line 50, col 10 to line 61, col 48 of module findDuplicateValue>
/\ i = 3
/\ j = 4
/\ pc = "Lbl_2"
/\ output = 2

@!@!@ENDMSG 2217 @!@!@
@!@!@STARTMSG 2217:4 @!@!@
22: <Lbl_2 line 50, col 10 to line 61, col 48 of module findDuplicateValue>
/\ i = 3
/\ j = 5
/\ pc = "Lbl_2"
/\ output = 2

@!@!@ENDMSG 2217 @!@!@
@!@!@STARTMSG 2217:4 @!@!@
23: <Lbl_2 line 50, col 10 to line 61, col 48 of module findDuplicateValue>
/\ i = 3
/\ j = 6
/\ pc = "Lbl_2"
/\ output = 2

@!@!@ENDMSG 2217 @!@!@
@!@!@STARTMSG 2217:4 @!@!@
24: <Lbl_2 line 50, col 10 to line 61, col 48 of module findDuplicateValue>
/\ i = 3
/\ j = 7
/\ pc = "Lbl_2"
/\ output = 2

@!@!@ENDMSG 2217 @!@!@
@!@!@STARTMSG 2217:4 @!@!@
25: <Lbl_2 line 50, col 10 to line 61, col 48 of module findDuplicateValue>
/\ i = 4
/\ j = 7
/\ pc = "Lbl_1"
/\ output = 2

@!@!@ENDMSG 2217 @!@!@
@!@!@STARTMSG 2217:4 @!@!@
26: <Lbl_1 line 38, col 10 to line 48, col 37 of module findDuplicateValue>
/\ i = 4
/\ j = 1
/\ pc = "Lbl_2"
/\ output = 2

@!@!@ENDMSG 2217 @!@!@
@!@!@STARTMSG 2217:4 @!@!@
27: <Lbl_2 line 50, col 10 to line 61, col 48 of module findDuplicateValue>
/\ i = 4
/\ j = 2
/\ pc = "Lbl_2"
/\ output = 2

@!@!@ENDMSG 2217 @!@!@
@!@!@STARTMSG 2217:4 @!@!@
28: <Lbl_2 line 50, col 10 to line 61, col 48 of module findDuplicateValue>
/\ i = 4
/\ j = 3
/\ pc = "Lbl_2"
/\ output = 2

@!@!@ENDMSG 2217 @!@!@
@!@!@STARTMSG 2217:4 @!@!@
29: <Lbl_2 line 50, col 10 to line 61, col 48 of module findDuplicateValue>
/\ i = 4
/\ j = 4
/\ pc = "Lbl_2"
/\ output = 2

@!@!@ENDMSG 2217 @!@!@
@!@!@STARTMSG 2217:4 @!@!@
30: <Lbl_2 line 50, col 10 to line 61, col 48 of module findDuplicateValue>
/\ i = 4
/\ j = 5
/\ pc = "Lbl_2"
/\ output = 2

@!@!@ENDMSG 2217 @!@!@
@!@!@STARTMSG 2217:4 @!@!@
31: <Lbl_2 line 50, col 10 to line 61, col 48 of module findDuplicateValue>
/\ i = 4
/\ j = 6
/\ pc = "Lbl_2"
/\ output = 2

@!@!@ENDMSG 2217 @!@!@
@!@!@STARTMSG 2217:4 @!@!@
32: <Lbl_2 line 50, col 10 to line 61, col 48 of module findDuplicateValue>
/\ i = 4
/\ j = 7
/\ pc = "Lbl_2"
/\ output = 2

@!@!@ENDMSG 2217 @!@!@
@!@!@STARTMSG 2217:4 @!@!@
33: <Lbl_2 line 50, col 10 to line 61, col 48 of module findDuplicateValue>
/\ i = 5
/\ j = 7
/\ pc = "Lbl_1"
/\ output = 2

@!@!@ENDMSG 2217 @!@!@
@!@!@STARTMSG 2217:4 @!@!@
34: <Lbl_1 line 38, col 10 to line 48, col 37 of module findDuplicateValue>
/\ i = 5
/\ j = 1
/\ pc = "Lbl_2"
/\ output = 2

@!@!@ENDMSG 2217 @!@!@
@!@!@STARTMSG 2217:4 @!@!@
35: <Lbl_2 line 50, col 10 to line 61, col 48 of module findDuplicateValue>
/\ i = 5
/\ j = 2
/\ pc = "Lbl_2"
/\ output = 2

@!@!@ENDMSG 2217 @!@!@
@!@!@STARTMSG 2217:4 @!@!@
36: <Lbl_2 line 50, col 10 to line 61, col 48 of module findDuplicateValue>
/\ i = 5
/\ j = 3
/\ pc = "Lbl_2"
/\ output = 2

@!@!@ENDMSG 2217 @!@!@
@!@!@STARTMSG 2217:4 @!@!@
37: <Lbl_2 line 50, col 10 to line 61, col 48 of module findDuplicateValue>
/\ i = 5
/\ j = 4
/\ pc = "Lbl_2"
/\ output = 2

@!@!@ENDMSG 2217 @!@!@
@!@!@STARTMSG 2217:4 @!@!@
38: <Lbl_2 line 50, col 10 to line 61, col 48 of module findDuplicateValue>
/\ i = 5
/\ j = 5
/\ pc = "Lbl_2"
/\ output = 2

@!@!@ENDMSG 2217 @!@!@
@!@!@STARTMSG 2217:4 @!@!@
39: <Lbl_2 line 50, col 10 to line 61, col 48 of module findDuplicateValue>
/\ i = 5
/\ j = 6
/\ pc = "Lbl_2"
/\ output = 2

@!@!@ENDMSG 2217 @!@!@
@!@!@STARTMSG 2217:4 @!@!@
40: <Lbl_2 line 50, col 10 to line 61, col 48 of module findDuplicateValue>
/\ i = 5
/\ j = 7
/\ pc = "Lbl_2"
/\ output = 2

@!@!@ENDMSG 2217 @!@!@
@!@!@STARTMSG 2217:4 @!@!@
41: <Lbl_2 line 50, col 10 to line 61, col 48 of module findDuplicateValue>
/\ i = 6
/\ j = 7
/\ pc = "Lbl_1"
/\ output = 2

@!@!@ENDMSG 2217 @!@!@
@!@!@STARTMSG 2217:4 @!@!@
42: <Lbl_1 line 38, col 10 to line 48, col 37 of module findDuplicateValue>
/\ i = 6
/\ j = 1
/\ pc = "Lbl_2"
/\ output = 2

@!@!@ENDMSG 2217 @!@!@
@!@!@STARTMSG 2217:4 @!@!@
43: <Lbl_2 line 50, col 10 to line 61, col 48 of module findDuplicateValue>
/\ i = 6
/\ j = 2
/\ pc = "Lbl_2"
/\ output = 2

@!@!@ENDMSG 2217 @!@!@
@!@!@STARTMSG 2217:4 @!@!@
44: <Lbl_2 line 50, col 10 to line 61, col 48 of module findDuplicateValue>
/\ i = 6
/\ j = 3
/\ pc = "Lbl_2"
/\ output = 2

@!@!@ENDMSG 2217 @!@!@
@!@!@STARTMSG 2217:4 @!@!@
45: <Lbl_2 line 50, col 10 to line 61, col 48 of module findDuplicateValue>
/\ i = 6
/\ j = 4
/\ pc = "Lbl_2"
/\ output = 2

@!@!@ENDMSG 2217 @!@!@
@!@!@STARTMSG 2217:4 @!@!@
46: <Lbl_2 line 50, col 10 to line 61, col 48 of module findDuplicateValue>
/\ i = 6
/\ j = 5
/\ pc = "Lbl_2"
/\ output = 2

@!@!@ENDMSG 2217 @!@!@
@!@!@STARTMSG 2217:4 @!@!@
47: <Lbl_2 line 50, col 10 to line 61, col 48 of module findDuplicateValue>
/\ i = 6
/\ j = 6
/\ pc = "Lbl_2"
/\ output = 2

@!@!@ENDMSG 2217 @!@!@
@!@!@STARTMSG 2217:4 @!@!@
48: <Lbl_2 line 50, col 10 to line 61, col 48 of module findDuplicateValue>
/\ i = 6
/\ j = 7
/\ pc = "Lbl_2"
/\ output = 2

@!@!@ENDMSG 2217 @!@!@
@!@!@STARTMSG 2217:4 @!@!@
49: <Lbl_2 line 50, col 10 to line 61, col 48 of module findDuplicateValue>
/\ i = 7
/\ j = 7
/\ pc = "Lbl_1"
/\ output = 2

@!@!@ENDMSG 2217 @!@!@
@!@!@STARTMSG 2103:1 @!@!@
The error occurred when TLC was evaluating the nested
expressions at the following positions:
0. Line 38, column 10 to line 48, column 37 in findDuplicateValue
1. Line 38, column 13 to line 38, column 24 in findDuplicateValue
2. Line 39, column 13 to line 47, column 29 in findDuplicateValue
3. Line 42, column 21 to line 47, column 29 in findDuplicateValue
4. Line 42, column 24 to line 43, column 75 in findDuplicateValue
5. Line 44, column 24 to line 45, column 75 in findDuplicateValue


@!@!@ENDMSG 2103 @!@!@
@!@!@STARTMSG 2201:0 @!@!@
The coverage statistics at 2023-04-02 21:50:34
@!@!@ENDMSG 2201 @!@!@
@!@!@STARTMSG 2773:0 @!@!@
<Init line 32, col 1 to line 32, col 4 of module findDuplicateValue>: 2:2
@!@!@ENDMSG 2773 @!@!@
@!@!@STARTMSG 2221:0 @!@!@
  line 33, col 9 to line 36, col 23 of module findDuplicateValue: 2
@!@!@ENDMSG 2221 @!@!@
@!@!@STARTMSG 2772:0 @!@!@
<Lbl_1 line 38, col 1 to line 38, col 5 of module findDuplicateValue>: 6:12
@!@!@ENDMSG 2772 @!@!@
@!@!@STARTMSG 2221:0 @!@!@
  line 38, col 13 to line 38, col 24 of module findDuplicateValue: 110
@!@!@ENDMSG 2221 @!@!@
@!@!@STARTMSG 2221:0 @!@!@
  |line 38, col 13 to line 38, col 14 of module findDuplicateValue: 98
@!@!@ENDMSG 2221 @!@!@
@!@!@STARTMSG 2221:0 @!@!@
  line 39, col 16 to line 39, col 30 of module findDuplicateValue: 14
@!@!@ENDMSG 2221 @!@!@
@!@!@STARTMSG 2221:0 @!@!@
  line 40, col 21 to line 41, col 36 of module findDuplicateValue: 12
@!@!@ENDMSG 2221 @!@!@
@!@!@STARTMSG 2221:0 @!@!@
  line 42, col 24 to line 43, col 75 of module findDuplicateValue: 2
@!@!@ENDMSG 2221 @!@!@
@!@!@STARTMSG 2221:0 @!@!@
  line 44, col 31 to line 44, col 152 of module findDuplicateValue: 2
@!@!@ENDMSG 2221 @!@!@
@!@!@STARTMSG 2221:0 @!@!@
  |line 44, col 31 to line 44, col 41 of module findDuplicateValue: 2
@!@!@ENDMSG 2221 @!@!@
@!@!@STARTMSG 2221:0 @!@!@
  |line 44, col 47 to line 44, col 151 of module findDuplicateValue: 2
@!@!@ENDMSG 2221 @!@!@
@!@!@STARTMSG 2221:0 @!@!@
  ||line 44, col 74 to line 44, col 151 of module findDuplicateValue: 72
@!@!@ENDMSG 2221 @!@!@
@!@!@STARTMSG 2221:0 @!@!@
  ||line 44, col 58 to line 44, col 70 of module findDuplicateValue: 2
@!@!@ENDMSG 2221 @!@!@
@!@!@STARTMSG 2221:0 @!@!@
  line 46, col 24 to line 46, col 35 of module findDuplicateValue: 0
@!@!@ENDMSG 2221 @!@!@
@!@!@STARTMSG 2221:0 @!@!@
  line 47, col 24 to line 47, col 29 of module findDuplicateValue: 0
@!@!@ENDMSG 2221 @!@!@
@!@!@STARTMSG 2221:0 @!@!@
  line 48, col 13 to line 48, col 37 of module findDuplicateValue: 12
@!@!@ENDMSG 2221 @!@!@
@!@!@STARTMSG 2772:0 @!@!@
<Lbl_2 line 50, col 1 to line 50, col 5 of module findDuplicateValue>: 42:84
@!@!@ENDMSG 2772 @!@!@
@!@!@STARTMSG 2221:0 @!@!@
  line 50, col 13 to line 50, col 24 of module findDuplicateValue: 174
@!@!@ENDMSG 2221 @!@!@
@!@!@STARTMSG 2221:0 @!@!@
  |line 50, col 13 to line 50, col 14 of module findDuplicateValue: 90
@!@!@ENDMSG 2221 @!@!@
@!@!@STARTMSG 2221:0 @!@!@
  line 51, col 16 to line 51, col 30 of module findDuplicateValue: 84
@!@!@ENDMSG 2221 @!@!@
@!@!@STARTMSG 2221:0 @!@!@
  line 52, col 27 to line 52, col 56 of module findDuplicateValue: 72
@!@!@ENDMSG 2221 @!@!@
@!@!@STARTMSG 2221:0 @!@!@
  |line 52, col 28 to line 52, col 32 of module findDuplicateValue: 72
@!@!@ENDMSG 2221 @!@!@
@!@!@STARTMSG 2221:0 @!@!@
  |line 52, col 37 to line 52, col 55 of module findDuplicateValue: 60
@!@!@ENDMSG 2221 @!@!@
@!@!@STARTMSG 2221:0 @!@!@
  line 53, col 32 to line 53, col 52 of module findDuplicateValue: 4
@!@!@ENDMSG 2221 @!@!@
@!@!@STARTMSG 2221:0 @!@!@
  line 54, col 35 to line 54, col 38 of module findDuplicateValue: 68
@!@!@ENDMSG 2221 @!@!@
@!@!@STARTMSG 2221:0 @!@!@
  line 55, col 35 to line 55, col 50 of module findDuplicateValue: 68
@!@!@ENDMSG 2221 @!@!@
@!@!@STARTMSG 2221:0 @!@!@
  line 56, col 24 to line 56, col 33 of module findDuplicateValue: 72
@!@!@ENDMSG 2221 @!@!@
@!@!@STARTMSG 2221:0 @!@!@
  line 57, col 24 to line 57, col 36 of module findDuplicateValue: 72
@!@!@ENDMSG 2221 @!@!@
@!@!@STARTMSG 2221:0 @!@!@
  line 58, col 24 to line 58, col 29 of module findDuplicateValue: 72
@!@!@ENDMSG 2221 @!@!@
@!@!@STARTMSG 2221:0 @!@!@
  line 59, col 24 to line 59, col 33 of module findDuplicateValue: 12
@!@!@ENDMSG 2221 @!@!@
@!@!@STARTMSG 2221:0 @!@!@
  line 60, col 24 to line 60, col 36 of module findDuplicateValue: 12
@!@!@ENDMSG 2221 @!@!@
@!@!@STARTMSG 2221:0 @!@!@
  line 61, col 24 to line 61, col 48 of module findDuplicateValue: 12
@!@!@ENDMSG 2221 @!@!@
@!@!@STARTMSG 2772:0 @!@!@
<Terminating line 64, col 1 to line 64, col 11 of module findDuplicateValue>: 0:0
@!@!@ENDMSG 2772 @!@!@
@!@!@STARTMSG 2221:0 @!@!@
  line 64, col 16 to line 64, col 26 of module findDuplicateValue: 48
@!@!@ENDMSG 2221 @!@!@
@!@!@STARTMSG 2221:0 @!@!@
  line 64, col 31 to line 64, col 44 of module findDuplicateValue: 0
@!@!@ENDMSG 2221 @!@!@
@!@!@STARTMSG 2202:0 @!@!@
End of statistics.
@!@!@ENDMSG 2202 @!@!@
@!@!@STARTMSG 2200:0 @!@!@
Progress(49) at 2023-04-02 21:50:34: 49 states generated (1,864 s/min), 49 distinct states found (1,864 ds/min), 0 states left on queue.
@!@!@ENDMSG 2200 @!@!@
@!@!@STARTMSG 2199:0 @!@!@
49 states generated, 49 distinct states found, 0 states left on queue.
@!@!@ENDMSG 2199 @!@!@
@!@!@STARTMSG 2186:0 @!@!@
Finished in 1586ms at (2023-04-02 21:50:34)
@!@!@ENDMSG 2186 @!@!@
