@!@!@STARTMSG 2262:0 @!@!@
TLC2 Version 2.16 of 31 December 2020 (rev: cdddf55)
@!@!@ENDMSG 2262 @!@!@
@!@!@STARTMSG 2187:0 @!@!@
Running breadth-first search Model-Checking with fp 82 and seed -4832731335065399504 with 6 workers on 12 cores with 2315MB heap and 5206MB offheap memory [pid: 52931] (Linux 4.18.0-425.3.1.el8.x86_64 amd64, AdoptOpenJDK 14.0.1 x86_64, OffHeapDiskFPSet, DiskStateQueue).
@!@!@ENDMSG 2187 @!@!@
@!@!@STARTMSG 2220:0 @!@!@
Starting SANY...
@!@!@ENDMSG 2220 @!@!@
Parsing file /eecs/home/jorra04/EECS 4315/MutualExclusion_V1.toolbox/Model_1_t1/MC.tla
Parsing file /eecs/home/jorra04/EECS 4315/MutualExclusion_V1.toolbox/Model_1_t1/MutualExclusion_V1.tla
Parsing file /eecs/local/pkg/tlatoolbox-1.7.1/plugins/org.lamport.tlatools_1.0.0.202012311918/tla2sany/StandardModules/TLC.tla
Parsing file /eecs/local/pkg/tlatoolbox-1.7.1/plugins/org.lamport.tlatools_1.0.0.202012311918/tla2sany/StandardModules/Integers.tla
Parsing file /eecs/local/pkg/tlatoolbox-1.7.1/plugins/org.lamport.tlatools_1.0.0.202012311918/tla2sany/StandardModules/Naturals.tla
Parsing file /eecs/local/pkg/tlatoolbox-1.7.1/plugins/org.lamport.tlatools_1.0.0.202012311918/tla2sany/StandardModules/Sequences.tla
Parsing file /eecs/local/pkg/tlatoolbox-1.7.1/plugins/org.lamport.tlatools_1.0.0.202012311918/tla2sany/StandardModules/FiniteSets.tla
Semantic processing of module Naturals
Semantic processing of module Integers
Semantic processing of module MutualExclusion_V1
Semantic processing of module Sequences
Semantic processing of module FiniteSets
Semantic processing of module TLC
Semantic processing of module MC
@!@!@STARTMSG 2219:0 @!@!@
SANY finished.
@!@!@ENDMSG 2219 @!@!@
@!@!@STARTMSG 2185:0 @!@!@
Starting... (2023-03-30 16:08:13)
@!@!@ENDMSG 2185 @!@!@
@!@!@STARTMSG 2146:1 @!@!@
The invariant Liveness is not a state predicate (one with no primes or temporal operators).
Note that a bug can cause TLC to incorrectly report this error.
If you believe your TLA+ or PlusCal specification to be correct,
please check if this bug described in LevelNode.java starting at line 590ff affects you.
@!@!@ENDMSG 2146 @!@!@
@!@!@STARTMSG 2186:0 @!@!@
Finished in 775ms at (2023-03-30 16:08:13)
@!@!@ENDMSG 2186 @!@!@
