@!@!@STARTMSG 2262:0 @!@!@
TLC2 Version 2.16 of 31 December 2020 (rev: cdddf55)
@!@!@ENDMSG 2262 @!@!@
@!@!@STARTMSG 2187:0 @!@!@
Running breadth-first search Model-Checking with fp 34 and seed 8909482191300992750 with 6 workers on 12 cores with 2315MB heap and 5206MB offheap memory [pid: 22996] (Linux 4.18.0-425.3.1.el8.x86_64 amd64, AdoptOpenJDK 14.0.1 x86_64, OffHeapDiskFPSet, DiskStateQueue).
@!@!@ENDMSG 2187 @!@!@
@!@!@STARTMSG 2220:0 @!@!@
Starting SANY...
@!@!@ENDMSG 2220 @!@!@
Parsing file /eecs/home/jorra04/EECS 4315/largestNumberAtLeastDoubleOthers.toolbox/Model_1_1/MC.tla
Parsing file /eecs/home/jorra04/EECS 4315/largestNumberAtLeastDoubleOthers.toolbox/Model_1_1/largestNumberAtLeastDoubleOthers.tla
Labels added.
Parsing file /eecs/local/pkg/tlatoolbox-1.7.1/plugins/org.lamport.tlatools_1.0.0.202012311918/tla2sany/StandardModules/TLC.tla
Parsing file /eecs/local/pkg/tlatoolbox-1.7.1/plugins/org.lamport.tlatools_1.0.0.202012311918/tla2sany/StandardModules/Integers.tla
Parsing file /eecs/local/pkg/tlatoolbox-1.7.1/plugins/org.lamport.tlatools_1.0.0.202012311918/tla2sany/StandardModules/Sequences.tla
Parsing file /eecs/local/pkg/tlatoolbox-1.7.1/plugins/org.lamport.tlatools_1.0.0.202012311918/tla2sany/StandardModules/Naturals.tla
Parsing file /eecs/local/pkg/tlatoolbox-1.7.1/plugins/org.lamport.tlatools_1.0.0.202012311918/tla2sany/StandardModules/FiniteSets.tla
Semantic processing of module Naturals
Semantic processing of module Integers
Semantic processing of module Sequences
Semantic processing of module FiniteSets
Semantic processing of module TLC
Semantic processing of module largestNumberAtLeastDoubleOthers
Semantic processing of module MC
@!@!@STARTMSG 2219:0 @!@!@
SANY finished.
@!@!@ENDMSG 2219 @!@!@
@!@!@STARTMSG 2185:0 @!@!@
Starting... (2023-04-03 23:19:55)
@!@!@ENDMSG 2185 @!@!@
@!@!@STARTMSG 2189:0 @!@!@
Computing initial states...
@!@!@ENDMSG 2189 @!@!@
@!@!@STARTMSG 2190:0 @!@!@
Finished computing initial states: 1 distinct state generated at 2023-04-03 23:19:56.
@!@!@ENDMSG 2190 @!@!@
@!@!@STARTMSG 2132:1 @!@!@
The first argument of Assert evaluated to FALSE; the second argument was:
"Failure of assertion at line 27, column 9."
@!@!@ENDMSG 2132 @!@!@
@!@!@STARTMSG 2121:1 @!@!@
The behavior up to this point is:
@!@!@ENDMSG 2121 @!@!@
@!@!@STARTMSG 2217:4 @!@!@
1: <Initial predicate>
/\ i = 1
/\ pc = "Lbl_1"
/\ max = -1
/\ output = TRUE
/\ indexFound = 1

@!@!@ENDMSG 2217 @!@!@
@!@!@STARTMSG 2217:4 @!@!@
2: <Lbl_1 line 43, col 10 to line 47, col 37 of module largestNumberAtLeastDoubleOthers>
/\ i = 1
/\ pc = "Lbl_2"
/\ max = 3
/\ output = TRUE
/\ indexFound = 1

@!@!@ENDMSG 2217 @!@!@
@!@!@STARTMSG 2217:4 @!@!@
3: <Lbl_2 line 49, col 10 to line 61, col 28 of module largestNumberAtLeastDoubleOthers>
/\ i = 2
/\ pc = "Lbl_2"
/\ max = 3
/\ output = TRUE
/\ indexFound = 1

@!@!@ENDMSG 2217 @!@!@
@!@!@STARTMSG 2217:4 @!@!@
4: <Lbl_2 line 49, col 10 to line 61, col 28 of module largestNumberAtLeastDoubleOthers>
/\ i = 3
/\ pc = "Lbl_2"
/\ max = 6
/\ output = TRUE
/\ indexFound = 2

@!@!@ENDMSG 2217 @!@!@
@!@!@STARTMSG 2217:4 @!@!@
5: <Lbl_2 line 49, col 10 to line 61, col 28 of module largestNumberAtLeastDoubleOthers>
/\ i = 4
/\ pc = "Lbl_2"
/\ max = 6
/\ output = TRUE
/\ indexFound = 2

@!@!@ENDMSG 2217 @!@!@
@!@!@STARTMSG 2217:4 @!@!@
6: <Lbl_2 line 49, col 10 to line 61, col 28 of module largestNumberAtLeastDoubleOthers>
/\ i = 5
/\ pc = "Lbl_2"
/\ max = 6
/\ output = TRUE
/\ indexFound = 2

@!@!@ENDMSG 2217 @!@!@
@!@!@STARTMSG 2217:4 @!@!@
7: <Lbl_2 line 49, col 10 to line 61, col 28 of module largestNumberAtLeastDoubleOthers>
/\ i = 1
/\ pc = "Lbl_3"
/\ max = 6
/\ output = TRUE
/\ indexFound = 2

@!@!@ENDMSG 2217 @!@!@
@!@!@STARTMSG 2217:4 @!@!@
8: <Lbl_3 line 63, col 10 to line 75, col 43 of module largestNumberAtLeastDoubleOthers>
/\ i = 2
/\ pc = "Lbl_3"
/\ max = 6
/\ output = TRUE
/\ indexFound = 2

@!@!@ENDMSG 2217 @!@!@
@!@!@STARTMSG 2217:4 @!@!@
9: <Lbl_3 line 63, col 10 to line 75, col 43 of module largestNumberAtLeastDoubleOthers>
/\ i = 3
/\ pc = "Lbl_3"
/\ max = 6
/\ output = TRUE
/\ indexFound = 2

@!@!@ENDMSG 2217 @!@!@
@!@!@STARTMSG 2217:4 @!@!@
10: <Lbl_3 line 63, col 10 to line 75, col 43 of module largestNumberAtLeastDoubleOthers>
/\ i = 4
/\ pc = "Lbl_3"
/\ max = 6
/\ output = TRUE
/\ indexFound = 2

@!@!@ENDMSG 2217 @!@!@
@!@!@STARTMSG 2217:4 @!@!@
11: <Lbl_3 line 63, col 10 to line 75, col 43 of module largestNumberAtLeastDoubleOthers>
/\ i = 5
/\ pc = "Lbl_3"
/\ max = 6
/\ output = TRUE
/\ indexFound = 2

@!@!@ENDMSG 2217 @!@!@
@!@!@STARTMSG 2103:1 @!@!@
The error occurred when TLC was evaluating the nested
expressions at the following positions:
0. Line 63, column 10 to line 75, column 43 in largestNumberAtLeastDoubleOthers
1. Line 63, column 13 to line 63, column 24 in largestNumberAtLeastDoubleOthers
2. Line 64, column 13 to line 74, column 48 in largestNumberAtLeastDoubleOthers
3. Line 71, column 21 to line 74, column 48 in largestNumberAtLeastDoubleOthers
4. Line 71, column 24 to line 72, column 75 in largestNumberAtLeastDoubleOthers


@!@!@ENDMSG 2103 @!@!@
@!@!@STARTMSG 2201:0 @!@!@
The coverage statistics at 2023-04-03 23:19:56
@!@!@ENDMSG 2201 @!@!@
@!@!@STARTMSG 2773:0 @!@!@
<Init line 36, col 1 to line 36, col 4 of module largestNumberAtLeastDoubleOthers>: 2:2
@!@!@ENDMSG 2773 @!@!@
@!@!@STARTMSG 2221:0 @!@!@
  line 37, col 9 to line 41, col 23 of module largestNumberAtLeastDoubleOthers: 2
@!@!@ENDMSG 2221 @!@!@
@!@!@STARTMSG 2772:0 @!@!@
<Lbl_1 line 43, col 1 to line 43, col 5 of module largestNumberAtLeastDoubleOthers>: 1:2
@!@!@ENDMSG 2772 @!@!@
@!@!@STARTMSG 2221:0 @!@!@
  line 43, col 13 to line 43, col 24 of module largestNumberAtLeastDoubleOthers: 24
@!@!@ENDMSG 2221 @!@!@
@!@!@STARTMSG 2221:0 @!@!@
  |line 43, col 13 to line 43, col 14 of module largestNumberAtLeastDoubleOthers: 22
@!@!@ENDMSG 2221 @!@!@
@!@!@STARTMSG 2221:0 @!@!@
  line 44, col 13 to line 44, col 27 of module largestNumberAtLeastDoubleOthers: 2
@!@!@ENDMSG 2221 @!@!@
@!@!@STARTMSG 2221:0 @!@!@
  line 45, col 13 to line 45, col 27 of module largestNumberAtLeastDoubleOthers: 2
@!@!@ENDMSG 2221 @!@!@
@!@!@STARTMSG 2221:0 @!@!@
  line 46, col 13 to line 46, col 25 of module largestNumberAtLeastDoubleOthers: 2
@!@!@ENDMSG 2221 @!@!@
@!@!@STARTMSG 2221:0 @!@!@
  line 47, col 13 to line 47, col 37 of module largestNumberAtLeastDoubleOthers: 2
@!@!@ENDMSG 2221 @!@!@
@!@!@STARTMSG 2772:0 @!@!@
<Lbl_2 line 49, col 1 to line 49, col 5 of module largestNumberAtLeastDoubleOthers>: 5:10
@!@!@ENDMSG 2772 @!@!@
@!@!@STARTMSG 2221:0 @!@!@
  line 49, col 13 to line 49, col 24 of module largestNumberAtLeastDoubleOthers: 31
@!@!@ENDMSG 2221 @!@!@
@!@!@STARTMSG 2221:0 @!@!@
  |line 49, col 13 to line 49, col 14 of module largestNumberAtLeastDoubleOthers: 21
@!@!@ENDMSG 2221 @!@!@
@!@!@STARTMSG 2221:0 @!@!@
  line 50, col 16 to line 50, col 30 of module largestNumberAtLeastDoubleOthers: 10
@!@!@ENDMSG 2221 @!@!@
@!@!@STARTMSG 2221:0 @!@!@
  line 51, col 27 to line 51, col 41 of module largestNumberAtLeastDoubleOthers: 8
@!@!@ENDMSG 2221 @!@!@
@!@!@STARTMSG 2221:0 @!@!@
  line 52, col 32 to line 53, col 49 of module largestNumberAtLeastDoubleOthers: 4
@!@!@ENDMSG 2221 @!@!@
@!@!@STARTMSG 2221:0 @!@!@
  line 54, col 35 to line 54, col 38 of module largestNumberAtLeastDoubleOthers: 4
@!@!@ENDMSG 2221 @!@!@
@!@!@STARTMSG 2221:0 @!@!@
  line 55, col 35 to line 55, col 65 of module largestNumberAtLeastDoubleOthers: 4
@!@!@ENDMSG 2221 @!@!@
@!@!@STARTMSG 2221:0 @!@!@
  line 56, col 24 to line 56, col 33 of module largestNumberAtLeastDoubleOthers: 8
@!@!@ENDMSG 2221 @!@!@
@!@!@STARTMSG 2221:0 @!@!@
  line 57, col 24 to line 57, col 36 of module largestNumberAtLeastDoubleOthers: 8
@!@!@ENDMSG 2221 @!@!@
@!@!@STARTMSG 2221:0 @!@!@
  line 58, col 24 to line 58, col 29 of module largestNumberAtLeastDoubleOthers: 2
@!@!@ENDMSG 2221 @!@!@
@!@!@STARTMSG 2221:0 @!@!@
  line 59, col 24 to line 59, col 36 of module largestNumberAtLeastDoubleOthers: 2
@!@!@ENDMSG 2221 @!@!@
@!@!@STARTMSG 2221:0 @!@!@
  line 60, col 24 to line 60, col 54 of module largestNumberAtLeastDoubleOthers: 2
@!@!@ENDMSG 2221 @!@!@
@!@!@STARTMSG 2221:0 @!@!@
  line 61, col 13 to line 61, col 28 of module largestNumberAtLeastDoubleOthers: 10
@!@!@ENDMSG 2221 @!@!@
@!@!@STARTMSG 2772:0 @!@!@
<Lbl_3 line 63, col 1 to line 63, col 5 of module largestNumberAtLeastDoubleOthers>: 4:8
@!@!@ENDMSG 2772 @!@!@
@!@!@STARTMSG 2221:0 @!@!@
  line 63, col 13 to line 63, col 24 of module largestNumberAtLeastDoubleOthers: 24
@!@!@ENDMSG 2221 @!@!@
@!@!@STARTMSG 2221:0 @!@!@
  |line 63, col 13 to line 63, col 14 of module largestNumberAtLeastDoubleOthers: 16
@!@!@ENDMSG 2221 @!@!@
@!@!@STARTMSG 2221:0 @!@!@
  line 64, col 16 to line 64, col 30 of module largestNumberAtLeastDoubleOthers: 10
@!@!@ENDMSG 2221 @!@!@
@!@!@STARTMSG 2221:0 @!@!@
  line 65, col 27 to line 65, col 68 of module largestNumberAtLeastDoubleOthers: 8
@!@!@ENDMSG 2221 @!@!@
@!@!@STARTMSG 2221:0 @!@!@
  |line 65, col 27 to line 65, col 48 of module largestNumberAtLeastDoubleOthers: 8
@!@!@ENDMSG 2221 @!@!@
@!@!@STARTMSG 2221:0 @!@!@
  |line 65, col 54 to line 65, col 67 of module largestNumberAtLeastDoubleOthers: 2
@!@!@ENDMSG 2221 @!@!@
@!@!@STARTMSG 2221:0 @!@!@
  line 66, col 35 to line 66, col 49 of module largestNumberAtLeastDoubleOthers: 0
@!@!@ENDMSG 2221 @!@!@
@!@!@STARTMSG 2221:0 @!@!@
  line 67, col 35 to line 67, col 38 of module largestNumberAtLeastDoubleOthers: 8
@!@!@ENDMSG 2221 @!@!@
@!@!@STARTMSG 2221:0 @!@!@
  line 68, col 35 to line 68, col 50 of module largestNumberAtLeastDoubleOthers: 8
@!@!@ENDMSG 2221 @!@!@
@!@!@STARTMSG 2221:0 @!@!@
  line 69, col 24 to line 69, col 33 of module largestNumberAtLeastDoubleOthers: 8
@!@!@ENDMSG 2221 @!@!@
@!@!@STARTMSG 2221:0 @!@!@
  line 70, col 24 to line 70, col 36 of module largestNumberAtLeastDoubleOthers: 8
@!@!@ENDMSG 2221 @!@!@
@!@!@STARTMSG 2221:0 @!@!@
  line 71, col 31 to line 71, col 141 of module largestNumberAtLeastDoubleOthers: 2
@!@!@ENDMSG 2221 @!@!@
@!@!@STARTMSG 2221:0 @!@!@
  |line 71, col 31 to line 71, col 43 of module largestNumberAtLeastDoubleOthers: 2
@!@!@ENDMSG 2221 @!@!@
@!@!@STARTMSG 2221:0 @!@!@
  |line 71, col 50 to line 71, col 140 of module largestNumberAtLeastDoubleOthers: 2
@!@!@ENDMSG 2221 @!@!@
@!@!@STARTMSG 2221:0 @!@!@
  ||line 71, col 76 to line 71, col 137 of module largestNumberAtLeastDoubleOthers: 8
@!@!@ENDMSG 2221 @!@!@
@!@!@STARTMSG 2221:0 @!@!@
  |||line 71, col 101 to line 71, col 137 of module largestNumberAtLeastDoubleOthers: 10
@!@!@ENDMSG 2221 @!@!@
@!@!@STARTMSG 2221:0 @!@!@
  ||||line 71, col 102 to line 71, col 125 of module largestNumberAtLeastDoubleOthers: 10
@!@!@ENDMSG 2221 @!@!@
@!@!@STARTMSG 2221:0 @!@!@
  ||||line 71, col 132 to line 71, col 136 of module largestNumberAtLeastDoubleOthers: 2
@!@!@ENDMSG 2221 @!@!@
@!@!@STARTMSG 2221:0 @!@!@
  |||line 71, col 85 to line 71, col 97 of module largestNumberAtLeastDoubleOthers: 8
@!@!@ENDMSG 2221 @!@!@
@!@!@STARTMSG 2221:0 @!@!@
  ||line 71, col 59 to line 71, col 71 of module largestNumberAtLeastDoubleOthers: 2
@!@!@ENDMSG 2221 @!@!@
@!@!@STARTMSG 2221:0 @!@!@
  line 73, col 24 to line 73, col 35 of module largestNumberAtLeastDoubleOthers: 0
@!@!@ENDMSG 2221 @!@!@
@!@!@STARTMSG 2221:0 @!@!@
  line 74, col 24 to line 74, col 48 of module largestNumberAtLeastDoubleOthers: 0
@!@!@ENDMSG 2221 @!@!@
@!@!@STARTMSG 2221:0 @!@!@
  line 75, col 13 to line 75, col 43 of module largestNumberAtLeastDoubleOthers: 8
@!@!@ENDMSG 2221 @!@!@
@!@!@STARTMSG 2772:0 @!@!@
<Terminating line 78, col 1 to line 78, col 11 of module largestNumberAtLeastDoubleOthers>: 0:0
@!@!@ENDMSG 2772 @!@!@
@!@!@STARTMSG 2221:0 @!@!@
  line 78, col 16 to line 78, col 26 of module largestNumberAtLeastDoubleOthers: 10
@!@!@ENDMSG 2221 @!@!@
@!@!@STARTMSG 2221:0 @!@!@
  line 78, col 31 to line 78, col 44 of module largestNumberAtLeastDoubleOthers: 0
@!@!@ENDMSG 2221 @!@!@
@!@!@STARTMSG 2202:0 @!@!@
End of statistics.
@!@!@ENDMSG 2202 @!@!@
@!@!@STARTMSG 2200:0 @!@!@
Progress(11) at 2023-04-03 23:19:56: 11 states generated (404 s/min), 11 distinct states found (404 ds/min), 0 states left on queue.
@!@!@ENDMSG 2200 @!@!@
@!@!@STARTMSG 2199:0 @!@!@
11 states generated, 11 distinct states found, 0 states left on queue.
@!@!@ENDMSG 2199 @!@!@
@!@!@STARTMSG 2186:0 @!@!@
Finished in 1641ms at (2023-04-03 23:19:56)
@!@!@ENDMSG 2186 @!@!@
