@!@!@STARTMSG 2262:0 @!@!@
TLC2 Version 2.16 of 31 December 2020 (rev: cdddf55)
@!@!@ENDMSG 2262 @!@!@
@!@!@STARTMSG 2187:0 @!@!@
Running breadth-first search Model-Checking with fp 24 and seed -8636456423311011427 with 6 workers on 12 cores with 2315MB heap and 5206MB offheap memory [pid: 473010] (Linux 4.18.0-425.3.1.el8.x86_64 amd64, AdoptOpenJDK 14.0.1 x86_64, OffHeapDiskFPSet, DiskStateQueue).
@!@!@ENDMSG 2187 @!@!@
@!@!@STARTMSG 2220:0 @!@!@
Starting SANY...
@!@!@ENDMSG 2220 @!@!@
Parsing file /eecs/home/jorra04/EECS 4315/replaceWithGreatestToRight.toolbox/Model_1_3/MC.tla
Parsing file /eecs/home/jorra04/EECS 4315/replaceWithGreatestToRight.toolbox/Model_1_3/replaceWithGreatestToRight.tla
Labels added.
Parsing file /eecs/local/pkg/tlatoolbox-1.7.1/plugins/org.lamport.tlatools_1.0.0.202012311918/tla2sany/StandardModules/TLC.tla
Parsing file /eecs/local/pkg/tlatoolbox-1.7.1/plugins/org.lamport.tlatools_1.0.0.202012311918/tla2sany/StandardModules/Integers.tla
Parsing file /eecs/local/pkg/tlatoolbox-1.7.1/plugins/org.lamport.tlatools_1.0.0.202012311918/tla2sany/StandardModules/Sequences.tla
Parsing file /eecs/local/pkg/tlatoolbox-1.7.1/plugins/org.lamport.tlatools_1.0.0.202012311918/tla2sany/StandardModules/Naturals.tla
Parsing file /eecs/local/pkg/tlatoolbox-1.7.1/plugins/org.lamport.tlatools_1.0.0.202012311918/tla2sany/StandardModules/FiniteSets.tla
Semantic processing of module Naturals
Semantic processing of module Integers
Semantic processing of module Sequences
Semantic processing of module FiniteSets
Semantic processing of module TLC
Semantic processing of module replaceWithGreatestToRight
Semantic processing of module MC
@!@!@STARTMSG 2219:0 @!@!@
SANY finished.
@!@!@ENDMSG 2219 @!@!@
@!@!@STARTMSG 2185:0 @!@!@
Starting... (2023-04-02 21:32:40)
@!@!@ENDMSG 2185 @!@!@
@!@!@STARTMSG 2189:0 @!@!@
Computing initial states...
@!@!@ENDMSG 2189 @!@!@
@!@!@STARTMSG 2190:0 @!@!@
Finished computing initial states: 1 distinct state generated at 2023-04-02 21:32:41.
@!@!@ENDMSG 2190 @!@!@
@!@!@STARTMSG 2193:0 @!@!@
Model checking completed. No error has been found.
  Estimates of the probability that TLC did not check all reachable states
  because two distinct states had the same fingerprint:
  calculated (optimistic):  val = 1.6E-18
@!@!@ENDMSG 2193 @!@!@
@!@!@STARTMSG 2201:0 @!@!@
The coverage statistics at 2023-04-02 21:32:41
@!@!@ENDMSG 2201 @!@!@
@!@!@STARTMSG 2773:0 @!@!@
<Init line 33, col 1 to line 33, col 4 of module replaceWithGreatestToRight>: 1:1
@!@!@ENDMSG 2773 @!@!@
@!@!@STARTMSG 2221:0 @!@!@
  line 34, col 9 to line 38, col 23 of module replaceWithGreatestToRight: 1
@!@!@ENDMSG 2221 @!@!@
@!@!@STARTMSG 2772:0 @!@!@
<Lbl_1 line 40, col 1 to line 40, col 5 of module replaceWithGreatestToRight>: 7:7
@!@!@ENDMSG 2772 @!@!@
@!@!@STARTMSG 2221:0 @!@!@
  line 40, col 13 to line 40, col 24 of module replaceWithGreatestToRight: 36
@!@!@ENDMSG 2221 @!@!@
@!@!@STARTMSG 2221:0 @!@!@
  |line 40, col 13 to line 40, col 14 of module replaceWithGreatestToRight: 29
@!@!@ENDMSG 2221 @!@!@
@!@!@STARTMSG 2221:0 @!@!@
  line 41, col 16 to line 41, col 30 of module replaceWithGreatestToRight: 7
@!@!@ENDMSG 2221 @!@!@
@!@!@STARTMSG 2221:0 @!@!@
  line 42, col 21 to line 44, col 36 of module replaceWithGreatestToRight: 6
@!@!@ENDMSG 2221 @!@!@
@!@!@STARTMSG 2221:0 @!@!@
  line 45, col 24 to line 46, col 75 of module replaceWithGreatestToRight: 1
@!@!@ENDMSG 2221 @!@!@
@!@!@STARTMSG 2221:0 @!@!@
  |line 45, col 32 to line 45, col 113 of module replaceWithGreatestToRight: 1
@!@!@ENDMSG 2221 @!@!@
@!@!@STARTMSG 2221:0 @!@!@
  ||line 45, col 59 to line 45, col 111 of module replaceWithGreatestToRight: 6
@!@!@ENDMSG 2221 @!@!@
@!@!@STARTMSG 2221:0 @!@!@
  |||line 45, col 90 to line 45, col 111 of module replaceWithGreatestToRight: 15
@!@!@ENDMSG 2221 @!@!@
@!@!@STARTMSG 2221:0 @!@!@
  |||line 45, col 68 to line 45, col 86 of module replaceWithGreatestToRight: 6
@!@!@ENDMSG 2221 @!@!@
@!@!@STARTMSG 2221:0 @!@!@
  ||line 45, col 41 to line 45, col 54 of module replaceWithGreatestToRight: 1
@!@!@ENDMSG 2221 @!@!@
@!@!@STARTMSG 2221:0 @!@!@
  line 47, col 24 to line 47, col 35 of module replaceWithGreatestToRight: 1
@!@!@ENDMSG 2221 @!@!@
@!@!@STARTMSG 2221:0 @!@!@
  line 48, col 24 to line 48, col 45 of module replaceWithGreatestToRight: 1
@!@!@ENDMSG 2221 @!@!@
@!@!@STARTMSG 2221:0 @!@!@
  line 49, col 13 to line 49, col 37 of module replaceWithGreatestToRight: 7
@!@!@ENDMSG 2221 @!@!@
@!@!@STARTMSG 2772:0 @!@!@
<Lbl_2 line 51, col 1 to line 51, col 5 of module replaceWithGreatestToRight>: 21:21
@!@!@ENDMSG 2772 @!@!@
@!@!@STARTMSG 2221:0 @!@!@
  line 51, col 13 to line 51, col 24 of module replaceWithGreatestToRight: 50
@!@!@ENDMSG 2221 @!@!@
@!@!@STARTMSG 2221:0 @!@!@
  |line 51, col 13 to line 51, col 14 of module replaceWithGreatestToRight: 29
@!@!@ENDMSG 2221 @!@!@
@!@!@STARTMSG 2221:0 @!@!@
  line 52, col 16 to line 52, col 30 of module replaceWithGreatestToRight: 21
@!@!@ENDMSG 2221 @!@!@
@!@!@STARTMSG 2221:0 @!@!@
  line 53, col 27 to line 53, col 40 of module replaceWithGreatestToRight: 15
@!@!@ENDMSG 2221 @!@!@
@!@!@STARTMSG 2221:0 @!@!@
  line 54, col 32 to line 54, col 49 of module replaceWithGreatestToRight: 7
@!@!@ENDMSG 2221 @!@!@
@!@!@STARTMSG 2221:0 @!@!@
  line 55, col 32 to line 56, col 44 of module replaceWithGreatestToRight: 8
@!@!@ENDMSG 2221 @!@!@
@!@!@STARTMSG 2221:0 @!@!@
  line 57, col 24 to line 57, col 33 of module replaceWithGreatestToRight: 15
@!@!@ENDMSG 2221 @!@!@
@!@!@STARTMSG 2221:0 @!@!@
  line 58, col 24 to line 58, col 36 of module replaceWithGreatestToRight: 15
@!@!@ENDMSG 2221 @!@!@
@!@!@STARTMSG 2221:0 @!@!@
  line 59, col 24 to line 59, col 48 of module replaceWithGreatestToRight: 15
@!@!@ENDMSG 2221 @!@!@
@!@!@STARTMSG 2221:0 @!@!@
  line 60, col 24 to line 60, col 52 of module replaceWithGreatestToRight: 6
@!@!@ENDMSG 2221 @!@!@
@!@!@STARTMSG 2221:0 @!@!@
  line 61, col 24 to line 61, col 33 of module replaceWithGreatestToRight: 6
@!@!@ENDMSG 2221 @!@!@
@!@!@STARTMSG 2221:0 @!@!@
  line 62, col 24 to line 62, col 36 of module replaceWithGreatestToRight: 6
@!@!@ENDMSG 2221 @!@!@
@!@!@STARTMSG 2221:0 @!@!@
  line 63, col 24 to line 63, col 45 of module replaceWithGreatestToRight: 6
@!@!@ENDMSG 2221 @!@!@
@!@!@STARTMSG 2772:0 @!@!@
<Terminating line 66, col 1 to line 66, col 11 of module replaceWithGreatestToRight>: 0:1
@!@!@ENDMSG 2772 @!@!@
@!@!@STARTMSG 2221:0 @!@!@
  line 66, col 16 to line 66, col 26 of module replaceWithGreatestToRight: 30
@!@!@ENDMSG 2221 @!@!@
@!@!@STARTMSG 2221:0 @!@!@
  |line 66, col 16 to line 66, col 17 of module replaceWithGreatestToRight: 29
@!@!@ENDMSG 2221 @!@!@
@!@!@STARTMSG 2221:0 @!@!@
  line 66, col 31 to line 66, col 44 of module replaceWithGreatestToRight: 1
@!@!@ENDMSG 2221 @!@!@
@!@!@STARTMSG 2202:0 @!@!@
End of statistics.
@!@!@ENDMSG 2202 @!@!@
@!@!@STARTMSG 2200:0 @!@!@
Progress(29) at 2023-04-02 21:32:41: 30 states generated (1,286 s/min), 29 distinct states found (1,243 ds/min), 0 states left on queue.
@!@!@ENDMSG 2200 @!@!@
@!@!@STARTMSG 2199:0 @!@!@
30 states generated, 29 distinct states found, 0 states left on queue.
@!@!@ENDMSG 2199 @!@!@
@!@!@STARTMSG 2194:0 @!@!@
The depth of the complete state graph search is 29.
@!@!@ENDMSG 2194 @!@!@
@!@!@STARTMSG 2268:0 @!@!@
The average outdegree of the complete state graph is 1 (minimum is 0, the maximum 1 and the 95th percentile is 1).
@!@!@ENDMSG 2268 @!@!@
@!@!@STARTMSG 2186:0 @!@!@
Finished in 1414ms at (2023-04-02 21:32:41)
@!@!@ENDMSG 2186 @!@!@
